<?xml version="1.0" encoding="UTF-8"?>
<!-- Generated by org.testng.reporters.JUnitXMLReporter -->
<testsuite hostname="LAPTOP-UBA71TAU" ignored="0" name="Default test" tests="10" failures="0" timestamp="02 Aug 2022 18:42:57 GMT" time="38.473" errors="0">
  <testcase name="validateCheckoutPage" time="7.935" classname="com.vcentry.lab.testCases.CheckOutPageValidator"/>
  <testcase name="validateCheckoutPage" time="2.793" classname="com.vcentry.lab.testCases.CheckOutPageValidator"/>
  <testcase name="validateCheckoutPage" time="2.453" classname="com.vcentry.lab.testCases.CheckOutPageValidator"/>
  <testcase name="validateCheckoutPage" time="2.855" classname="com.vcentry.lab.testCases.CheckOutPageValidator"/>
  <testcase name="validateCheckoutPage" time="2.946" classname="com.vcentry.lab.testCases.CheckOutPageValidator"/>
  <testcase name="validateCheckoutPage" time="2.469" classname="com.vcentry.lab.testCases.CheckOutPageValidator"/>
  <testcase name="validateCheckoutPage" time="2.633" classname="com.vcentry.lab.testCases.CheckOutPageValidator"/>
  <testcase name="validateCheckoutPage" time="2.628" classname="com.vcentry.lab.testCases.CheckOutPageValidator"/>
  <testcase name="validateCheckoutPage" time="2.343" classname="com.vcentry.lab.testCases.CheckOutPageValidator"/>
  <testcase name="validateCheckoutPage" time="2.523" classname="com.vcentry.lab.testCases.CheckOutPageValidator"/>
</testsuite> <!-- Default test -->
